-- Compiling Teste5...
Syntax Exception: 
  Unexpected Token: maior | line: 13
Syntax Exception: 
  Unexpected Token: ) | line: 14
-- Teste5 compilation finished  :) 

